[12-Jul-2025 01:25:41 UTC] Database connection failed: SQLSTATE[HY000] [2002] Connection refused
[12-Jul-2025 01:25:42 UTC] Database connection failed: SQLSTATE[HY000] [2002] Connection refused
[12-Jul-2025 01:25:42 UTC] Database connection failed: SQLSTATE[HY000] [2002] Connection refused
[12-Jul-2025 01:25:42 UTC] Database connection failed: SQLSTATE[HY000] [2002] Connection refused
[12-Jul-2025 01:25:49 UTC] Database connection failed: SQLSTATE[HY000] [2002] Connection refused
[12-Jul-2025 01:25:49 UTC] Database connection failed: SQLSTATE[HY000] [2002] Connection refused
[12-Jul-2025 01:25:49 UTC] Database connection failed: SQLSTATE[HY000] [2002] Connection refused
[02-Aug-2025 09:15:19 UTC] Database connection failed: SQLSTATE[HY000] [2002] Connection refused
[02-Aug-2025 09:15:20 UTC] Database connection failed: SQLSTATE[HY000] [2002] Connection refused
[02-Aug-2025 09:54:35 UTC] Database connection failed: SQLSTATE[HY000] [2002] Connection refused
[02-Aug-2025 09:54:36 UTC] Database connection failed: SQLSTATE[HY000] [2002] Connection refused
[02-Aug-2025 10:46:18 UTC] Database connection failed: could not find driver
[02-Aug-2025 11:24:37 UTC] Database connection failed: could not find driver
[02-Aug-2025 11:28:33 UTC] Database connection failed: could not find driver
[02-Aug-2025 11:30:35 UTC] Database connection failed: could not find driver
[02-Aug-2025 14:32:16 Africa/Nairobi] PHP Parse error:  syntax error, unexpected token "<", expecting end of file in /workspaces/sautiyamtaa/languages/en.php on line 5
[02-Aug-2025 15:00:52 Africa/Nairobi] PHP Warning:  require_once(includes/language.php): Failed to open stream: No such file or directory in /workspaces/sautiyamtaa/index.php on line 4
[02-Aug-2025 15:00:52 Africa/Nairobi] PHP Fatal error:  Uncaught Error: Failed opening required 'includes/language.php' (include_path='.:/opt/php/8.0.30/lib/php') in /workspaces/sautiyamtaa/index.php:4
Stack trace:
#0 {main}
  thrown in /workspaces/sautiyamtaa/index.php on line 4
[02-Aug-2025 15:02:08 Africa/Nairobi] PHP Fatal error:  Uncaught Error: Call to undefined function get_text() in /workspaces/sautiyamtaa/index.php:6
Stack trace:
#0 {main}
  thrown in /workspaces/sautiyamtaa/index.php on line 6
[02-Aug-2025 16:02:29 Africa/Nairobi] Error fetching events: SQLSTATE[HY000]: General error: 1 no such function: CURDATE
[02-Aug-2025 16:41:19 Africa/Nairobi] Error fetching events: SQLSTATE[HY000]: General error: 1 no such function: CURDATE
[02-Aug-2025 16:41:42 Africa/Nairobi] Error fetching events: SQLSTATE[HY000]: General error: 1 no such function: CURDATE
[02-Aug-2025 16:48:38 Africa/Nairobi] Error fetching events: SQLSTATE[HY000]: General error: 1 no such function: CURDATE
